<?xml version="1.0" encoding="UTF-8"?>
<testng-results skipped="0" failed="0" total="1" passed="1">
  <reporter-output>
  </reporter-output>
  <suite name="Default suite" duration-ms="16928" started-at="2015-06-02T07:05:21Z" finished-at="2015-06-02T07:05:38Z">
    <groups>
    </groups>
    <test name="Default test" duration-ms="16928" started-at="2015-06-02T07:05:21Z" finished-at="2015-06-02T07:05:38Z">
      <class name="test.example">
        <test-method status="PASS" signature="setup()[pri:0, instance:test.example@3f0bc0]" name="setup" is-config="true" duration-ms="16413" started-at="2015-06-02T12:35:21Z" finished-at="2015-06-02T12:35:38Z">
          <reporter-output>
          </reporter-output>
        </test-method> <!-- setup -->
        <test-method status="PASS" signature="test()[pri:0, instance:test.example@3f0bc0]" name="test" duration-ms="468" started-at="2015-06-02T12:35:38Z" finished-at="2015-06-02T12:35:38Z">
          <reporter-output>
          </reporter-output>
        </test-method> <!-- test -->
      </class> <!-- test.example -->
    </test> <!-- Default test -->
  </suite> <!-- Default suite -->
</testng-results>
